app/build/intermediates/manifest_merge_blame_file/debug/manifest-merger-blame-debug-report.txt
1<?xml version="1.0" encoding="utf-8"?>
2<manifest xmlns:android="http://schemas.android.com/apk/res/android"
3    package="com.example.app"
4    android:installLocation="preferExternal"
5    android:versionCode="1"
6    android:versionName="1.0" >
7
8    <uses-sdk
9        android:minSdkVersion="23"
9-->src/main/AndroidManifest.xml
10        android:targetSdkVersion="32" />
10-->src/main/AndroidManifest.xml
11
12    <uses-permission android:name="android.permission.INTERNET" />
12-->src/main/AndroidManifest.xml:8:5-67
12-->src/main/AndroidManifest.xml:8:22-64
13
14    <uses-feature
14-->src/main/AndroidManifest.xml:9:5-11:35
15        android:glEsVersion="0x00020000"
15-->src/main/AndroidManifest.xml:10:9-41
16        android:required="true" />
16-->src/main/AndroidManifest.xml:11:9-32
17
18    <application
18-->src/main/AndroidManifest.xml:13:5-32:19
19        android:allowBackup="true"
19-->src/main/AndroidManifest.xml:14:9-35
20        android:appComponentFactory="androidx.core.app.CoreComponentFactory"
20-->[androidx.core:core:1.7.0] AndroidManifest.xml:24:18-86
21        android:dataExtractionRules="@xml/data_extraction_rules"
21-->src/main/AndroidManifest.xml:15:9-65
22        android:debuggable="true"
23        android:extractNativeLibs="false"
24        android:fullBackupContent="@xml/backup_rules"
24-->src/main/AndroidManifest.xml:16:9-54
25        android:icon="@mipmap/ic_launcher"
25-->src/main/AndroidManifest.xml:17:9-43
26        android:label="@string/app_name"
26-->src/main/AndroidManifest.xml:18:9-41
27        android:roundIcon="@mipmap/ic_launcher_round"
27-->src/main/AndroidManifest.xml:19:9-54
28        android:supportsRtl="true"
28-->src/main/AndroidManifest.xml:20:9-35
29        android:testOnly="true"
30        android:theme="@style/Theme.DisplayAMap" >
30-->src/main/AndroidManifest.xml:21:9-49
31        <activity
31-->src/main/AndroidManifest.xml:23:9-31:20
32            android:name="com.example.app.MainActivity"
32-->src/main/AndroidManifest.xml:24:13-41
33            android:exported="true" >
33-->src/main/AndroidManifest.xml:25:13-36
34            <intent-filter>
34-->src/main/AndroidManifest.xml:26:13-30:29
35                <action android:name="android.intent.action.MAIN" />
35-->src/main/AndroidManifest.xml:27:17-69
35-->src/main/AndroidManifest.xml:27:25-66
36
37                <category android:name="android.intent.category.LAUNCHER" />
37-->src/main/AndroidManifest.xml:29:17-77
37-->src/main/AndroidManifest.xml:29:27-74
38            </intent-filter>
39        </activity>
40
41        <provider
41-->[androidx.emoji2:emoji2:1.0.0] AndroidManifest.xml:26:9-34:20
42            android:name="androidx.startup.InitializationProvider"
42-->[androidx.emoji2:emoji2:1.0.0] AndroidManifest.xml:27:13-67
43            android:authorities="com.example.app.androidx-startup"
43-->[androidx.emoji2:emoji2:1.0.0] AndroidManifest.xml:28:13-68
44            android:exported="false" >
44-->[androidx.emoji2:emoji2:1.0.0] AndroidManifest.xml:29:13-37
45            <meta-data
45-->[androidx.emoji2:emoji2:1.0.0] AndroidManifest.xml:31:13-33:52
46                android:name="androidx.emoji2.text.EmojiCompatInitializer"
46-->[androidx.emoji2:emoji2:1.0.0] AndroidManifest.xml:32:17-75
47                android:value="androidx.startup" />
47-->[androidx.emoji2:emoji2:1.0.0] AndroidManifest.xml:33:17-49
48            <meta-data
48-->[androidx.lifecycle:lifecycle-process:2.4.0] AndroidManifest.xml:31:13-33:52
49                android:name="androidx.lifecycle.ProcessLifecycleInitializer"
49-->[androidx.lifecycle:lifecycle-process:2.4.0] AndroidManifest.xml:32:17-78
50                android:value="androidx.startup" />
50-->[androidx.lifecycle:lifecycle-process:2.4.0] AndroidManifest.xml:33:17-49
51        </provider>
52    </application>
53
54</manifest>